2025-06-12T14:06:17.297342Z  INFO tailwindcss_oxide::scanner: Provided sources:
2025-06-12T14:06:17.297505Z  INFO tailwindcss_oxide::scanner: Source: PublicSourceEntry { base: "C:\\Users\\PC\\Projects\\hotel-managment", pattern: "**/*", negated: false }
2025-06-12T14:06:17.297819Z  INFO tailwindcss_oxide::scanner: Optimized sources:
2025-06-12T14:06:17.297844Z  INFO tailwindcss_oxide::scanner: Source: Auto { base: "C:\\Users\\PC\\Projects\\hotel-managment" }
2025-06-12T14:06:17.299981Z  INFO scan_sources: tailwindcss_oxide::scanner: enter
2025-06-12T14:06:17.301466Z  INFO scan_sources: tailwindcss_oxide::scanner: Discovering "C:\\Users\\PC\\Projects\\hotel-managment\\eslint.config.mjs"
2025-06-12T14:06:17.302538Z  INFO scan_sources: tailwindcss_oxide::scanner: Discovering "C:\\Users\\PC\\Projects\\hotel-managment\\next.config.ts"
2025-06-12T14:06:17.302829Z  INFO scan_sources: tailwindcss_oxide::scanner: Discovering "C:\\Users\\PC\\Projects\\hotel-managment\\package.json"
2025-06-12T14:06:17.302908Z  INFO scan_sources: tailwindcss_oxide::scanner: Discovering "C:\\Users\\PC\\Projects\\hotel-managment\\postcss.config.mjs"
2025-06-12T14:06:17.303036Z  INFO scan_sources: tailwindcss_oxide::scanner: Discovering "C:\\Users\\PC\\Projects\\hotel-managment\\public"
2025-06-12T14:06:17.303223Z  INFO scan_sources: tailwindcss_oxide::scanner: Discovering "C:\\Users\\PC\\Projects\\hotel-managment\\README.md"
2025-06-12T14:06:17.303333Z  INFO scan_sources: tailwindcss_oxide::scanner: Discovering "C:\\Users\\PC\\Projects\\hotel-managment\\src"
2025-06-12T14:06:17.303505Z  INFO scan_sources: tailwindcss_oxide::scanner: Discovering "C:\\Users\\PC\\Projects\\hotel-managment\\src\\app"
2025-06-12T14:06:17.303688Z  INFO scan_sources: tailwindcss_oxide::scanner: Discovering "C:\\Users\\PC\\Projects\\hotel-managment\\src\\app\\access-denied"
2025-06-12T14:06:17.303813Z  INFO scan_sources: tailwindcss_oxide::scanner: Discovering "C:\\Users\\PC\\Projects\\hotel-managment\\src\\app\\access-denied\\page.tsx"
2025-06-12T14:06:17.303939Z  INFO scan_sources: tailwindcss_oxide::scanner: Discovering "C:\\Users\\PC\\Projects\\hotel-managment\\src\\app\\add-employee"
2025-06-12T14:06:17.304062Z  INFO scan_sources: tailwindcss_oxide::scanner: Discovering "C:\\Users\\PC\\Projects\\hotel-managment\\src\\app\\add-employee\\page.tsx"
2025-06-12T14:06:17.304189Z  INFO scan_sources: tailwindcss_oxide::scanner: Discovering "C:\\Users\\PC\\Projects\\hotel-managment\\src\\app\\Administrative"
2025-06-12T14:06:17.304310Z  INFO scan_sources: tailwindcss_oxide::scanner: Discovering "C:\\Users\\PC\\Projects\\hotel-managment\\src\\app\\Administrative\\page.tsx"
2025-06-12T14:06:17.304433Z  INFO scan_sources: tailwindcss_oxide::scanner: Discovering "C:\\Users\\PC\\Projects\\hotel-managment\\src\\app\\administrative-list"
2025-06-12T14:06:17.304552Z  INFO scan_sources: tailwindcss_oxide::scanner: Discovering "C:\\Users\\PC\\Projects\\hotel-managment\\src\\app\\administrative-list\\page.tsx"
2025-06-12T14:06:17.304677Z  INFO scan_sources: tailwindcss_oxide::scanner: Discovering "C:\\Users\\PC\\Projects\\hotel-managment\\src\\app\\api"
2025-06-12T14:06:17.304841Z  INFO scan_sources: tailwindcss_oxide::scanner: Discovering "C:\\Users\\PC\\Projects\\hotel-managment\\src\\app\\api\\auth"
2025-06-12T14:06:17.305002Z  INFO scan_sources: tailwindcss_oxide::scanner: Discovering "C:\\Users\\PC\\Projects\\hotel-managment\\src\\app\\api\\auth\\[...nextauth]"
2025-06-12T14:06:17.305125Z  INFO scan_sources: tailwindcss_oxide::scanner: Discovering "C:\\Users\\PC\\Projects\\hotel-managment\\src\\app\\api\\auth\\[...nextauth]\\route.ts"
2025-06-12T14:06:17.305297Z  INFO scan_sources: tailwindcss_oxide::scanner: Discovering "C:\\Users\\PC\\Projects\\hotel-managment\\src\\app\\bank"
2025-06-12T14:06:17.305416Z  INFO scan_sources: tailwindcss_oxide::scanner: Discovering "C:\\Users\\PC\\Projects\\hotel-managment\\src\\app\\bank\\page.tsx"
2025-06-12T14:06:17.305542Z  INFO scan_sources: tailwindcss_oxide::scanner: Discovering "C:\\Users\\PC\\Projects\\hotel-managment\\src\\app\\dashboard"
2025-06-12T14:06:17.305659Z  INFO scan_sources: tailwindcss_oxide::scanner: Discovering "C:\\Users\\PC\\Projects\\hotel-managment\\src\\app\\dashboard\\page.tsx"
2025-06-12T14:06:17.305826Z  INFO scan_sources: tailwindcss_oxide::scanner: Discovering "C:\\Users\\PC\\Projects\\hotel-managment\\src\\app\\employee-list"
2025-06-12T14:06:17.305951Z  INFO scan_sources: tailwindcss_oxide::scanner: Discovering "C:\\Users\\PC\\Projects\\hotel-managment\\src\\app\\employee-list\\page.tsx"
2025-06-12T14:06:17.306038Z  INFO scan_sources: tailwindcss_oxide::scanner: Discovering "C:\\Users\\PC\\Projects\\hotel-managment\\src\\app\\globals.css"
2025-06-12T14:06:17.306101Z  INFO scan_sources: tailwindcss_oxide::scanner: Discovering "C:\\Users\\PC\\Projects\\hotel-managment\\src\\app\\layout.tsx"
2025-06-12T14:06:17.306204Z  INFO scan_sources: tailwindcss_oxide::scanner: Discovering "C:\\Users\\PC\\Projects\\hotel-managment\\src\\app\\list-loans"
2025-06-12T14:06:17.306321Z  INFO scan_sources: tailwindcss_oxide::scanner: Discovering "C:\\Users\\PC\\Projects\\hotel-managment\\src\\app\\list-loans\\page.tsx"
2025-06-12T14:06:17.306443Z  INFO scan_sources: tailwindcss_oxide::scanner: Discovering "C:\\Users\\PC\\Projects\\hotel-managment\\src\\app\\loans"
2025-06-12T14:06:17.306559Z  INFO scan_sources: tailwindcss_oxide::scanner: Discovering "C:\\Users\\PC\\Projects\\hotel-managment\\src\\app\\loans\\page.tsx"
2025-06-12T14:06:17.306700Z  INFO scan_sources: tailwindcss_oxide::scanner: Discovering "C:\\Users\\PC\\Projects\\hotel-managment\\src\\app\\login"
2025-06-12T14:06:17.306816Z  INFO scan_sources: tailwindcss_oxide::scanner: Discovering "C:\\Users\\PC\\Projects\\hotel-managment\\src\\app\\login\\page.tsx"
2025-06-12T14:06:17.306945Z  INFO scan_sources: tailwindcss_oxide::scanner: Discovering "C:\\Users\\PC\\Projects\\hotel-managment\\src\\app\\minibar-list"
2025-06-12T14:06:17.307060Z  INFO scan_sources: tailwindcss_oxide::scanner: Discovering "C:\\Users\\PC\\Projects\\hotel-managment\\src\\app\\minibar-list\\page.tsx"
2025-06-12T14:06:17.307181Z  INFO scan_sources: tailwindcss_oxide::scanner: Discovering "C:\\Users\\PC\\Projects\\hotel-managment\\src\\app\\minibar-purchase"
2025-06-12T14:06:17.307322Z  INFO scan_sources: tailwindcss_oxide::scanner: Discovering "C:\\Users\\PC\\Projects\\hotel-managment\\src\\app\\minibar-purchase\\page.tsx"
2025-06-12T14:06:17.307404Z  INFO scan_sources: tailwindcss_oxide::scanner: Discovering "C:\\Users\\PC\\Projects\\hotel-managment\\src\\app\\page.tsx"
2025-06-12T14:06:17.307508Z  INFO scan_sources: tailwindcss_oxide::scanner: Discovering "C:\\Users\\PC\\Projects\\hotel-managment\\src\\app\\permissions"
2025-06-12T14:06:17.307626Z  INFO scan_sources: tailwindcss_oxide::scanner: Discovering "C:\\Users\\PC\\Projects\\hotel-managment\\src\\app\\permissions\\page.tsx"
2025-06-12T14:06:17.307749Z  INFO scan_sources: tailwindcss_oxide::scanner: Discovering "C:\\Users\\PC\\Projects\\hotel-managment\\src\\app\\product-list"
2025-06-12T14:06:17.307871Z  INFO scan_sources: tailwindcss_oxide::scanner: Discovering "C:\\Users\\PC\\Projects\\hotel-managment\\src\\app\\product-list\\page.tsx"
2025-06-12T14:06:17.307992Z  INFO scan_sources: tailwindcss_oxide::scanner: Discovering "C:\\Users\\PC\\Projects\\hotel-managment\\src\\app\\products-mb"
2025-06-12T14:06:17.308124Z  INFO scan_sources: tailwindcss_oxide::scanner: Discovering "C:\\Users\\PC\\Projects\\hotel-managment\\src\\app\\products-mb\\page.tsx"
2025-06-12T14:06:17.308281Z  INFO scan_sources: tailwindcss_oxide::scanner: Discovering "C:\\Users\\PC\\Projects\\hotel-managment\\src\\app\\room-data"
2025-06-12T14:06:17.308407Z  INFO scan_sources: tailwindcss_oxide::scanner: Discovering "C:\\Users\\PC\\Projects\\hotel-managment\\src\\app\\room-data\\page.tsx"
2025-06-12T14:06:17.308532Z  INFO scan_sources: tailwindcss_oxide::scanner: Discovering "C:\\Users\\PC\\Projects\\hotel-managment\\src\\app\\room-status"
2025-06-12T14:06:17.308657Z  INFO scan_sources: tailwindcss_oxide::scanner: Discovering "C:\\Users\\PC\\Projects\\hotel-managment\\src\\app\\room-status\\page.tsx"
2025-06-12T14:06:17.308842Z  INFO scan_sources: tailwindcss_oxide::scanner: Discovering "C:\\Users\\PC\\Projects\\hotel-managment\\src\\app\\service-history"
2025-06-12T14:06:17.308969Z  INFO scan_sources: tailwindcss_oxide::scanner: Discovering "C:\\Users\\PC\\Projects\\hotel-managment\\src\\app\\service-history\\page.tsx"
2025-06-12T14:06:17.309098Z  INFO scan_sources: tailwindcss_oxide::scanner: Discovering "C:\\Users\\PC\\Projects\\hotel-managment\\src\\app\\toiletries"
2025-06-12T14:06:17.309239Z  INFO scan_sources: tailwindcss_oxide::scanner: Discovering "C:\\Users\\PC\\Projects\\hotel-managment\\src\\app\\toiletries\\page.tsx"
2025-06-12T14:06:17.309368Z  INFO scan_sources: tailwindcss_oxide::scanner: Discovering "C:\\Users\\PC\\Projects\\hotel-managment\\src\\app\\toiletries-list"
2025-06-12T14:06:17.309503Z  INFO scan_sources: tailwindcss_oxide::scanner: Discovering "C:\\Users\\PC\\Projects\\hotel-managment\\src\\app\\toiletries-list\\page.tsx"
2025-06-12T14:06:17.309631Z  INFO scan_sources: tailwindcss_oxide::scanner: Discovering "C:\\Users\\PC\\Projects\\hotel-managment\\src\\app\\toiletries-spent"
2025-06-12T14:06:17.309754Z  INFO scan_sources: tailwindcss_oxide::scanner: Discovering "C:\\Users\\PC\\Projects\\hotel-managment\\src\\app\\toiletries-spent\\page.tsx"
2025-06-12T14:06:17.309915Z  INFO scan_sources: tailwindcss_oxide::scanner: Discovering "C:\\Users\\PC\\Projects\\hotel-managment\\src\\components"
2025-06-12T14:06:17.310080Z  INFO scan_sources: tailwindcss_oxide::scanner: Discovering "C:\\Users\\PC\\Projects\\hotel-managment\\src\\components\\auth"
2025-06-12T14:06:17.310201Z  INFO scan_sources: tailwindcss_oxide::scanner: Discovering "C:\\Users\\PC\\Projects\\hotel-managment\\src\\components\\auth\\ProtectedRoute.tsx"
2025-06-12T14:06:17.310331Z  INFO scan_sources: tailwindcss_oxide::scanner: Discovering "C:\\Users\\PC\\Projects\\hotel-managment\\src\\components\\data"
2025-06-12T14:06:17.310471Z  INFO scan_sources: tailwindcss_oxide::scanner: Discovering "C:\\Users\\PC\\Projects\\hotel-managment\\src\\components\\data\\AddEmployee.tsx"
2025-06-12T14:06:17.310550Z  INFO scan_sources: tailwindcss_oxide::scanner: Discovering "C:\\Users\\PC\\Projects\\hotel-managment\\src\\components\\data\\AddPurchase.tsx"
2025-06-12T14:06:17.310612Z  INFO scan_sources: tailwindcss_oxide::scanner: Discovering "C:\\Users\\PC\\Projects\\hotel-managment\\src\\components\\data\\AddRoom.tsx"
2025-06-12T14:06:17.310679Z  INFO scan_sources: tailwindcss_oxide::scanner: Discovering "C:\\Users\\PC\\Projects\\hotel-managment\\src\\components\\data\\AdministrativeExpenses.tsx"
2025-06-12T14:06:17.310739Z  INFO scan_sources: tailwindcss_oxide::scanner: Discovering "C:\\Users\\PC\\Projects\\hotel-managment\\src\\components\\data\\AdministrativeExpensesList.tsx"
2025-06-12T14:06:17.310799Z  INFO scan_sources: tailwindcss_oxide::scanner: Discovering "C:\\Users\\PC\\Projects\\hotel-managment\\src\\components\\data\\BankAccount.tsx"
2025-06-12T14:06:17.310856Z  INFO scan_sources: tailwindcss_oxide::scanner: Discovering "C:\\Users\\PC\\Projects\\hotel-managment\\src\\components\\data\\BankAccountList.tsx"
2025-06-12T14:06:17.310914Z  INFO scan_sources: tailwindcss_oxide::scanner: Discovering "C:\\Users\\PC\\Projects\\hotel-managment\\src\\components\\data\\Dashboard.tsx"
2025-06-12T14:06:17.310972Z  INFO scan_sources: tailwindcss_oxide::scanner: Discovering "C:\\Users\\PC\\Projects\\hotel-managment\\src\\components\\data\\Invoice.tsx"
2025-06-12T14:06:17.311031Z  INFO scan_sources: tailwindcss_oxide::scanner: Discovering "C:\\Users\\PC\\Projects\\hotel-managment\\src\\components\\data\\ListEmployee.tsx"
2025-06-12T14:06:17.311089Z  INFO scan_sources: tailwindcss_oxide::scanner: Discovering "C:\\Users\\PC\\Projects\\hotel-managment\\src\\components\\data\\ListProducts.tsx"
2025-06-12T14:06:17.311147Z  INFO scan_sources: tailwindcss_oxide::scanner: Discovering "C:\\Users\\PC\\Projects\\hotel-managment\\src\\components\\data\\ListToiletries.tsx"
2025-06-12T14:06:17.311204Z  INFO scan_sources: tailwindcss_oxide::scanner: Discovering "C:\\Users\\PC\\Projects\\hotel-managment\\src\\components\\data\\LoanEmployee.tsx"
2025-06-12T14:06:17.311285Z  INFO scan_sources: tailwindcss_oxide::scanner: Discovering "C:\\Users\\PC\\Projects\\hotel-managment\\src\\components\\data\\LoanHistory.tsx"
2025-06-12T14:06:17.311346Z  INFO scan_sources: tailwindcss_oxide::scanner: Discovering "C:\\Users\\PC\\Projects\\hotel-managment\\src\\components\\data\\MiniBarList.tsx"
2025-06-12T14:06:17.311408Z  INFO scan_sources: tailwindcss_oxide::scanner: Discovering "C:\\Users\\PC\\Projects\\hotel-managment\\src\\components\\data\\PermissionsManagement.tsx"
2025-06-12T14:06:17.311471Z  INFO scan_sources: tailwindcss_oxide::scanner: Discovering "C:\\Users\\PC\\Projects\\hotel-managment\\src\\components\\data\\RegisterProducts.tsx"
2025-06-12T14:06:17.311536Z  INFO scan_sources: tailwindcss_oxide::scanner: Discovering "C:\\Users\\PC\\Projects\\hotel-managment\\src\\components\\data\\RegisterToiletries.tsx"
2025-06-12T14:06:17.311595Z  INFO scan_sources: tailwindcss_oxide::scanner: Discovering "C:\\Users\\PC\\Projects\\hotel-managment\\src\\components\\data\\RoomList.tsx"
2025-06-12T14:06:17.311656Z  INFO scan_sources: tailwindcss_oxide::scanner: Discovering "C:\\Users\\PC\\Projects\\hotel-managment\\src\\components\\data\\RoomService.tsx"
2025-06-12T14:06:17.311714Z  INFO scan_sources: tailwindcss_oxide::scanner: Discovering "C:\\Users\\PC\\Projects\\hotel-managment\\src\\components\\data\\RoomStatus.tsx"
2025-06-12T14:06:17.311773Z  INFO scan_sources: tailwindcss_oxide::scanner: Discovering "C:\\Users\\PC\\Projects\\hotel-managment\\src\\components\\data\\ServiceHistory.tsx"
2025-06-12T14:06:17.311833Z  INFO scan_sources: tailwindcss_oxide::scanner: Discovering "C:\\Users\\PC\\Projects\\hotel-managment\\src\\components\\data\\ToiletriesPurchase.tsx"
2025-06-12T14:06:17.311894Z  INFO scan_sources: tailwindcss_oxide::scanner: Discovering "C:\\Users\\PC\\Projects\\hotel-managment\\src\\components\\data\\ToiletriesPurchaseList.tsx"
2025-06-12T14:06:17.311955Z  INFO scan_sources: tailwindcss_oxide::scanner: Discovering "C:\\Users\\PC\\Projects\\hotel-managment\\src\\components\\data\\ToiletriesSpent.tsx"
2025-06-12T14:06:17.312023Z  INFO scan_sources: tailwindcss_oxide::scanner: Discovering "C:\\Users\\PC\\Projects\\hotel-managment\\src\\components\\data\\ToiletriesSpentList.tsx"
2025-06-12T14:06:17.312163Z  INFO scan_sources: tailwindcss_oxide::scanner: Discovering "C:\\Users\\PC\\Projects\\hotel-managment\\src\\components\\layout"
2025-06-12T14:06:17.312314Z  INFO scan_sources: tailwindcss_oxide::scanner: Discovering "C:\\Users\\PC\\Projects\\hotel-managment\\src\\components\\layout\\TabMenu.tsx"
2025-06-12T14:06:17.312442Z  INFO scan_sources: tailwindcss_oxide::scanner: Discovering "C:\\Users\\PC\\Projects\\hotel-managment\\src\\components\\login"
2025-06-12T14:06:17.312582Z  INFO scan_sources: tailwindcss_oxide::scanner: Discovering "C:\\Users\\PC\\Projects\\hotel-managment\\src\\components\\login\\Login.tsx"
2025-06-12T14:06:17.312645Z  INFO scan_sources: tailwindcss_oxide::scanner: Discovering "C:\\Users\\PC\\Projects\\hotel-managment\\src\\components\\login\\NextAuthLogin.tsx"
2025-06-12T14:06:17.312773Z  INFO scan_sources: tailwindcss_oxide::scanner: Discovering "C:\\Users\\PC\\Projects\\hotel-managment\\src\\components\\providers"
2025-06-12T14:06:17.312896Z  INFO scan_sources: tailwindcss_oxide::scanner: Discovering "C:\\Users\\PC\\Projects\\hotel-managment\\src\\components\\providers\\AuthProvider.tsx"
2025-06-12T14:06:17.313029Z  INFO scan_sources: tailwindcss_oxide::scanner: Discovering "C:\\Users\\PC\\Projects\\hotel-managment\\src\\components\\ui"
2025-06-12T14:06:17.313153Z  INFO scan_sources: tailwindcss_oxide::scanner: Discovering "C:\\Users\\PC\\Projects\\hotel-managment\\src\\components\\ui\\LoadingSpinner.tsx"
2025-06-12T14:06:17.313328Z  INFO scan_sources: tailwindcss_oxide::scanner: Discovering "C:\\Users\\PC\\Projects\\hotel-managment\\src\\firebase"
2025-06-12T14:06:17.313450Z  INFO scan_sources: tailwindcss_oxide::scanner: Discovering "C:\\Users\\PC\\Projects\\hotel-managment\\src\\firebase\\Index.ts"
2025-06-12T14:06:17.313635Z  INFO scan_sources: tailwindcss_oxide::scanner: Discovering "C:\\Users\\PC\\Projects\\hotel-managment\\src\\hooks"
2025-06-12T14:06:17.313759Z  INFO scan_sources: tailwindcss_oxide::scanner: Discovering "C:\\Users\\PC\\Projects\\hotel-managment\\src\\hooks\\useAuth.ts"
2025-06-12T14:06:17.313921Z  INFO scan_sources: tailwindcss_oxide::scanner: Discovering "C:\\Users\\PC\\Projects\\hotel-managment\\src\\lib"
2025-06-12T14:06:17.314043Z  INFO scan_sources: tailwindcss_oxide::scanner: Discovering "C:\\Users\\PC\\Projects\\hotel-managment\\src\\lib\\auth.ts"
2025-06-12T14:06:17.314132Z  INFO scan_sources: tailwindcss_oxide::scanner: Discovering "C:\\Users\\PC\\Projects\\hotel-managment\\src\\middleware.ts"
2025-06-12T14:06:17.314239Z  INFO scan_sources: tailwindcss_oxide::scanner: Discovering "C:\\Users\\PC\\Projects\\hotel-managment\\src\\types"
2025-06-12T14:06:17.314361Z  INFO scan_sources: tailwindcss_oxide::scanner: Discovering "C:\\Users\\PC\\Projects\\hotel-managment\\src\\types\\next-auth.d.ts"
2025-06-12T14:06:17.314489Z  INFO scan_sources: tailwindcss_oxide::scanner: Discovering "C:\\Users\\PC\\Projects\\hotel-managment\\src\\utils"
2025-06-12T14:06:17.314613Z  INFO scan_sources: tailwindcss_oxide::scanner: Discovering "C:\\Users\\PC\\Projects\\hotel-managment\\src\\utils\\FormatCurrency.ts"
2025-06-12T14:06:17.314735Z  INFO scan_sources: tailwindcss_oxide::scanner: Discovering "C:\\Users\\PC\\Projects\\hotel-managment\\tsconfig.json"
2025-06-12T14:06:17.314875Z  INFO scan_sources: tailwindcss_oxide::scanner: exit
2025-06-12T14:06:17.314889Z  INFO extract_candidates: tailwindcss_oxide::scanner: enter
2025-06-12T14:06:17.314900Z  INFO extract_candidates:read_all_files: tailwindcss_oxide::scanner: enter
2025-06-12T14:06:17.314904Z  INFO extract_candidates:read_all_files: tailwindcss_oxide::scanner: Reading 68 file(s)
2025-06-12T14:06:17.315434Z  INFO tailwindcss_oxide::scanner: Reading "C:\\Users\\PC\\Projects\\hotel-managment\\src\\app\\minibar-list\\page.tsx"
2025-06-12T14:06:17.315440Z  INFO tailwindcss_oxide::scanner: Reading "C:\\Users\\PC\\Projects\\hotel-managment\\src\\components\\data\\AdministrativeExpensesList.tsx"
2025-06-12T14:06:17.315457Z  INFO tailwindcss_oxide::scanner: Reading "C:\\Users\\PC\\Projects\\hotel-managment\\eslint.config.mjs"
2025-06-12T14:06:17.315505Z  INFO tailwindcss_oxide::scanner: Reading "C:\\Users\\PC\\Projects\\hotel-managment\\src\\app\\service-history\\page.tsx"
2025-06-12T14:06:17.315562Z  INFO tailwindcss_oxide::scanner: Reading "C:\\Users\\PC\\Projects\\hotel-managment\\src\\app\\minibar-purchase\\page.tsx"
2025-06-12T14:06:17.315582Z  INFO tailwindcss_oxide::scanner: Reading "C:\\Users\\PC\\Projects\\hotel-managment\\src\\components\\data\\BankAccount.tsx"
2025-06-12T14:06:17.315605Z  INFO tailwindcss_oxide::scanner: Reading "C:\\Users\\PC\\Projects\\hotel-managment\\next.config.ts"
2025-06-12T14:06:17.315603Z  INFO tailwindcss_oxide::scanner: Reading "C:\\Users\\PC\\Projects\\hotel-managment\\src\\components\\auth\\ProtectedRoute.tsx"
2025-06-12T14:06:17.315628Z  INFO tailwindcss_oxide::scanner: Reading "C:\\Users\\PC\\Projects\\hotel-managment\\src\\app\\toiletries\\page.tsx"
2025-06-12T14:06:17.315656Z  INFO tailwindcss_oxide::scanner: Reading "C:\\Users\\PC\\Projects\\hotel-managment\\src\\app\\product-list\\page.tsx"
2025-06-12T14:06:17.315687Z  INFO tailwindcss_oxide::scanner: Reading "C:\\Users\\PC\\Projects\\hotel-managment\\src\\components\\data\\BankAccountList.tsx"
2025-06-12T14:06:17.315702Z  INFO tailwindcss_oxide::scanner: Reading "C:\\Users\\PC\\Projects\\hotel-managment\\src\\app\\page.tsx"
2025-06-12T14:06:17.315735Z  INFO tailwindcss_oxide::scanner: Reading "C:\\Users\\PC\\Projects\\hotel-managment\\src\\components\\data\\AddEmployee.tsx"
2025-06-12T14:06:17.315739Z  INFO tailwindcss_oxide::scanner: Reading "C:\\Users\\PC\\Projects\\hotel-managment\\src\\app\\toiletries-list\\page.tsx"
2025-06-12T14:06:17.315744Z  INFO tailwindcss_oxide::scanner: Reading "C:\\Users\\PC\\Projects\\hotel-managment\\src\\components\\data\\AddPurchase.tsx"
2025-06-12T14:06:17.315749Z  INFO tailwindcss_oxide::scanner: Reading "C:\\Users\\PC\\Projects\\hotel-managment\\package.json"
2025-06-12T14:06:17.315762Z  INFO tailwindcss_oxide::scanner: Reading "C:\\Users\\PC\\Projects\\hotel-managment\\src\\app\\products-mb\\page.tsx"
2025-06-12T14:06:17.315782Z  INFO tailwindcss_oxide::scanner: Reading "C:\\Users\\PC\\Projects\\hotel-managment\\src\\components\\data\\Dashboard.tsx"
2025-06-12T14:06:17.315850Z  INFO tailwindcss_oxide::scanner: Reading "C:\\Users\\PC\\Projects\\hotel-managment\\src\\app\\room-data\\page.tsx"
2025-06-12T14:06:17.315862Z  INFO tailwindcss_oxide::scanner: Reading "C:\\Users\\PC\\Projects\\hotel-managment\\src\\app\\administrative-list\\page.tsx"
2025-06-12T14:06:17.315836Z  INFO tailwindcss_oxide::scanner: Reading "C:\\Users\\PC\\Projects\\hotel-managment\\src\\app\\permissions\\page.tsx"
2025-06-12T14:06:17.315882Z  INFO tailwindcss_oxide::scanner: Reading "C:\\Users\\PC\\Projects\\hotel-managment\\src\\components\\data\\AddRoom.tsx"
2025-06-12T14:06:17.315896Z  INFO tailwindcss_oxide::scanner: Reading "C:\\Users\\PC\\Projects\\hotel-managment\\README.md"
2025-06-12T14:06:17.315884Z  INFO tailwindcss_oxide::scanner: Reading "C:\\Users\\PC\\Projects\\hotel-managment\\src\\app\\toiletries-spent\\page.tsx"
2025-06-12T14:06:17.315942Z  INFO tailwindcss_oxide::scanner: Reading "C:\\Users\\PC\\Projects\\hotel-managment\\src\\app\\employee-list\\page.tsx"
2025-06-12T14:06:17.315955Z  INFO tailwindcss_oxide::scanner: Reading "C:\\Users\\PC\\Projects\\hotel-managment\\src\\components\\data\\AdministrativeExpenses.tsx"
2025-06-12T14:06:17.315984Z  INFO tailwindcss_oxide::scanner: Reading "C:\\Users\\PC\\Projects\\hotel-managment\\src\\app\\room-status\\page.tsx"
2025-06-12T14:06:17.316005Z  INFO tailwindcss_oxide::scanner: Reading "C:\\Users\\PC\\Projects\\hotel-managment\\src\\components\\data\\Invoice.tsx"
2025-06-12T14:06:17.315990Z  INFO tailwindcss_oxide::scanner: Reading "C:\\Users\\PC\\Projects\\hotel-managment\\src\\app\\api\\auth\\[...nextauth]\\route.ts"
2025-06-12T14:06:17.315992Z  INFO tailwindcss_oxide::scanner: Reading "C:\\Users\\PC\\Projects\\hotel-managment\\src\\app\\add-employee\\page.tsx"
2025-06-12T14:06:17.316055Z  INFO tailwindcss_oxide::scanner: Reading "C:\\Users\\PC\\Projects\\hotel-managment\\src\\app\\layout.tsx"
2025-06-12T14:06:17.315993Z  INFO tailwindcss_oxide::scanner: Reading "C:\\Users\\PC\\Projects\\hotel-managment\\src\\app\\access-denied\\page.tsx"
2025-06-12T14:06:17.316073Z  INFO tailwindcss_oxide::scanner: Reading "C:\\Users\\PC\\Projects\\hotel-managment\\src\\app\\list-loans\\page.tsx"
2025-06-12T14:06:17.316123Z  INFO tailwindcss_oxide::scanner: Reading "C:\\Users\\PC\\Projects\\hotel-managment\\src\\components\\data\\ListEmployee.tsx"
2025-06-12T14:06:17.316021Z  INFO tailwindcss_oxide::scanner: Reading "C:\\Users\\PC\\Projects\\hotel-managment\\src\\components\\data\\ServiceHistory.tsx"
2025-06-12T14:06:17.316148Z  INFO tailwindcss_oxide::scanner: Reading "C:\\Users\\PC\\Projects\\hotel-managment\\src\\components\\data\\MiniBarList.tsx"
2025-06-12T14:06:17.316165Z  INFO tailwindcss_oxide::scanner: Reading "C:\\Users\\PC\\Projects\\hotel-managment\\src\\app\\bank\\page.tsx"
2025-06-12T14:06:17.316192Z  INFO tailwindcss_oxide::scanner: Reading "C:\\Users\\PC\\Projects\\hotel-managment\\src\\app\\loans\\page.tsx"
2025-06-12T14:06:17.316201Z  INFO tailwindcss_oxide::scanner: Reading "C:\\Users\\PC\\Projects\\hotel-managment\\src\\app\\dashboard\\page.tsx"
2025-06-12T14:06:17.316054Z  INFO tailwindcss_oxide::scanner: Reading "C:\\Users\\PC\\Projects\\hotel-managment\\src\\components\\data\\LoanEmployee.tsx"
2025-06-12T14:06:17.316191Z  INFO tailwindcss_oxide::scanner: Reading "C:\\Users\\PC\\Projects\\hotel-managment\\src\\components\\data\\ListProducts.tsx"
2025-06-12T14:06:17.316205Z  INFO tailwindcss_oxide::scanner: Reading "C:\\Users\\PC\\Projects\\hotel-managment\\src\\components\\data\\PermissionsManagement.tsx"
2025-06-12T14:06:17.316253Z  INFO tailwindcss_oxide::scanner: Reading "C:\\Users\\PC\\Projects\\hotel-managment\\src\\components\\data\\RoomList.tsx"
2025-06-12T14:06:17.316277Z  INFO tailwindcss_oxide::scanner: Reading "C:\\Users\\PC\\Projects\\hotel-managment\\src\\components\\data\\ToiletriesPurchase.tsx"
2025-06-12T14:06:17.316286Z  INFO tailwindcss_oxide::scanner: Reading "C:\\Users\\PC\\Projects\\hotel-managment\\src\\components\\data\\RoomService.tsx"
2025-06-12T14:06:17.316294Z  INFO tailwindcss_oxide::scanner: Reading "C:\\Users\\PC\\Projects\\hotel-managment\\src\\components\\data\\LoanHistory.tsx"
2025-06-12T14:06:17.316308Z  INFO tailwindcss_oxide::scanner: Reading "C:\\Users\\PC\\Projects\\hotel-managment\\src\\app\\login\\page.tsx"
2025-06-12T14:06:17.315985Z  INFO tailwindcss_oxide::scanner: Reading "C:\\Users\\PC\\Projects\\hotel-managment\\postcss.config.mjs"
2025-06-12T14:06:17.316344Z  INFO tailwindcss_oxide::scanner: Reading "C:\\Users\\PC\\Projects\\hotel-managment\\src\\components\\data\\ListToiletries.tsx"
2025-06-12T14:06:17.316338Z  INFO tailwindcss_oxide::scanner: Reading "C:\\Users\\PC\\Projects\\hotel-managment\\src\\components\\data\\ToiletriesSpentList.tsx"
2025-06-12T14:06:17.316365Z  INFO tailwindcss_oxide::scanner: Reading "C:\\Users\\PC\\Projects\\hotel-managment\\src\\app\\Administrative\\page.tsx"
2025-06-12T14:06:17.316374Z  INFO tailwindcss_oxide::scanner: Reading "C:\\Users\\PC\\Projects\\hotel-managment\\src\\components\\data\\ToiletriesPurchaseList.tsx"
2025-06-12T14:06:17.316374Z  INFO tailwindcss_oxide::scanner: Reading "C:\\Users\\PC\\Projects\\hotel-managment\\src\\components\\login\\NextAuthLogin.tsx"
2025-06-12T14:06:17.316399Z  INFO tailwindcss_oxide::scanner: Reading "C:\\Users\\PC\\Projects\\hotel-managment\\src\\components\\login\\Login.tsx"
2025-06-12T14:06:17.316405Z  INFO tailwindcss_oxide::scanner: Reading "C:\\Users\\PC\\Projects\\hotel-managment\\src\\components\\layout\\TabMenu.tsx"
2025-06-12T14:06:17.316316Z  INFO tailwindcss_oxide::scanner: Reading "C:\\Users\\PC\\Projects\\hotel-managment\\src\\components\\providers\\AuthProvider.tsx"
2025-06-12T14:06:17.316426Z  INFO tailwindcss_oxide::scanner: Reading "C:\\Users\\PC\\Projects\\hotel-managment\\src\\components\\data\\ToiletriesSpent.tsx"
2025-06-12T14:06:17.316410Z  INFO tailwindcss_oxide::scanner: Reading "C:\\Users\\PC\\Projects\\hotel-managment\\src\\firebase\\Index.ts"
2025-06-12T14:06:17.316423Z  INFO tailwindcss_oxide::scanner: Reading "C:\\Users\\PC\\Projects\\hotel-managment\\src\\components\\data\\RegisterProducts.tsx"
2025-06-12T14:06:17.316461Z  INFO tailwindcss_oxide::scanner: Reading "C:\\Users\\PC\\Projects\\hotel-managment\\src\\components\\ui\\LoadingSpinner.tsx"
2025-06-12T14:06:17.316249Z  INFO tailwindcss_oxide::scanner: Reading "C:\\Users\\PC\\Projects\\hotel-managment\\src\\components\\data\\RegisterToiletries.tsx"
2025-06-12T14:06:17.316484Z  INFO tailwindcss_oxide::scanner: Reading "C:\\Users\\PC\\Projects\\hotel-managment\\src\\utils\\FormatCurrency.ts"
2025-06-12T14:06:17.316490Z  INFO tailwindcss_oxide::scanner: Reading "C:\\Users\\PC\\Projects\\hotel-managment\\src\\middleware.ts"
2025-06-12T14:06:17.316409Z  INFO tailwindcss_oxide::scanner: Reading "C:\\Users\\PC\\Projects\\hotel-managment\\src\\components\\data\\RoomStatus.tsx"
2025-06-12T14:06:17.316509Z  INFO tailwindcss_oxide::scanner: Reading "C:\\Users\\PC\\Projects\\hotel-managment\\tsconfig.json"
2025-06-12T14:06:17.316402Z  INFO tailwindcss_oxide::scanner: Reading "C:\\Users\\PC\\Projects\\hotel-managment\\src\\lib\\auth.ts"
2025-06-12T14:06:17.316537Z  INFO tailwindcss_oxide::scanner: Reading "C:\\Users\\PC\\Projects\\hotel-managment\\src\\types\\next-auth.d.ts"
2025-06-12T14:06:17.316439Z  INFO tailwindcss_oxide::scanner: Reading "C:\\Users\\PC\\Projects\\hotel-managment\\src\\hooks\\useAuth.ts"
2025-06-12T14:06:17.316610Z  INFO extract_candidates:read_all_files: tailwindcss_oxide::scanner: exit
2025-06-12T14:06:17.316622Z  INFO extract_candidates:parse_all_blobs: tailwindcss_oxide::scanner: enter
2025-06-12T14:06:17.316628Z  INFO extract_candidates:parse_all_blobs:extract: tailwindcss_oxide::scanner: enter
2025-06-12T14:06:17.318553Z  INFO extract_candidates:parse_all_blobs:extract: tailwindcss_oxide::scanner: exit
2025-06-12T14:06:17.318580Z  INFO extract_candidates:parse_all_blobs: tailwindcss_oxide::scanner: exit
2025-06-12T14:06:17.318592Z  INFO extract_candidates:read_all_files: tailwindcss_oxide::scanner: enter
2025-06-12T14:06:17.318596Z  INFO extract_candidates:read_all_files: tailwindcss_oxide::scanner: Reading 1 file(s)
2025-06-12T14:06:17.318713Z  INFO extract_candidates:read_all_files: tailwindcss_oxide::scanner: Reading "C:\\Users\\PC\\Projects\\hotel-managment\\src\\app\\globals.css"
2025-06-12T14:06:17.318723Z  INFO extract_candidates:read_all_files: tailwindcss_oxide::scanner: exit
2025-06-12T14:06:17.318728Z  INFO extract_candidates:extract_css_variables: tailwindcss_oxide::scanner: enter
2025-06-12T14:06:17.318732Z  INFO extract_candidates:extract_css_variables:extract: tailwindcss_oxide::scanner: enter
2025-06-12T14:06:17.318835Z  INFO extract_candidates:extract_css_variables:extract: tailwindcss_oxide::scanner: exit
2025-06-12T14:06:17.318846Z  INFO extract_candidates:extract_css_variables: tailwindcss_oxide::scanner: exit
2025-06-12T14:06:17.319456Z  INFO extract_candidates: tailwindcss_oxide::scanner: exit
2025-06-12T14:06:17.320599Z  INFO get_files: tailwindcss_oxide::scanner: enter
2025-06-12T14:06:17.320612Z  INFO get_files:scan_sources: tailwindcss_oxide::scanner: enter
2025-06-12T14:06:17.322994Z  INFO get_files:scan_sources: tailwindcss_oxide::scanner: Discovering "C:\\Users\\PC\\Projects\\hotel-managment\\public"
2025-06-12T14:06:17.323380Z  INFO get_files:scan_sources: tailwindcss_oxide::scanner: Discovering "C:\\Users\\PC\\Projects\\hotel-managment\\src"
2025-06-12T14:06:17.323643Z  INFO get_files:scan_sources: tailwindcss_oxide::scanner: Discovering "C:\\Users\\PC\\Projects\\hotel-managment\\src\\app"
2025-06-12T14:06:17.323904Z  INFO get_files:scan_sources: tailwindcss_oxide::scanner: Discovering "C:\\Users\\PC\\Projects\\hotel-managment\\src\\app\\access-denied"
2025-06-12T14:06:17.324226Z  INFO get_files:scan_sources: tailwindcss_oxide::scanner: Discovering "C:\\Users\\PC\\Projects\\hotel-managment\\src\\app\\add-employee"
2025-06-12T14:06:17.324570Z  INFO get_files:scan_sources: tailwindcss_oxide::scanner: Discovering "C:\\Users\\PC\\Projects\\hotel-managment\\src\\app\\Administrative"
2025-06-12T14:06:17.324897Z  INFO get_files:scan_sources: tailwindcss_oxide::scanner: Discovering "C:\\Users\\PC\\Projects\\hotel-managment\\src\\app\\administrative-list"
2025-06-12T14:06:17.325219Z  INFO get_files:scan_sources: tailwindcss_oxide::scanner: Discovering "C:\\Users\\PC\\Projects\\hotel-managment\\src\\app\\api"
2025-06-12T14:06:17.325469Z  INFO get_files:scan_sources: tailwindcss_oxide::scanner: Discovering "C:\\Users\\PC\\Projects\\hotel-managment\\src\\app\\api\\auth"
2025-06-12T14:06:17.325709Z  INFO get_files:scan_sources: tailwindcss_oxide::scanner: Discovering "C:\\Users\\PC\\Projects\\hotel-managment\\src\\app\\api\\auth\\[...nextauth]"
2025-06-12T14:06:17.326110Z  INFO get_files:scan_sources: tailwindcss_oxide::scanner: Discovering "C:\\Users\\PC\\Projects\\hotel-managment\\src\\app\\bank"
2025-06-12T14:06:17.326454Z  INFO get_files:scan_sources: tailwindcss_oxide::scanner: Discovering "C:\\Users\\PC\\Projects\\hotel-managment\\src\\app\\dashboard"
2025-06-12T14:06:17.326780Z  INFO get_files:scan_sources: tailwindcss_oxide::scanner: Discovering "C:\\Users\\PC\\Projects\\hotel-managment\\src\\app\\employee-list"
2025-06-12T14:06:17.327222Z  INFO get_files:scan_sources: tailwindcss_oxide::scanner: Discovering "C:\\Users\\PC\\Projects\\hotel-managment\\src\\app\\list-loans"
2025-06-12T14:06:17.327553Z  INFO get_files:scan_sources: tailwindcss_oxide::scanner: Discovering "C:\\Users\\PC\\Projects\\hotel-managment\\src\\app\\loans"
2025-06-12T14:06:17.327865Z  INFO get_files:scan_sources: tailwindcss_oxide::scanner: Discovering "C:\\Users\\PC\\Projects\\hotel-managment\\src\\app\\login"
2025-06-12T14:06:17.328365Z  INFO get_files:scan_sources: tailwindcss_oxide::scanner: Discovering "C:\\Users\\PC\\Projects\\hotel-managment\\src\\app\\minibar-list"
2025-06-12T14:06:17.328803Z  INFO get_files:scan_sources: tailwindcss_oxide::scanner: Discovering "C:\\Users\\PC\\Projects\\hotel-managment\\src\\app\\minibar-purchase"
2025-06-12T14:06:17.329225Z  INFO get_files:scan_sources: tailwindcss_oxide::scanner: Discovering "C:\\Users\\PC\\Projects\\hotel-managment\\src\\app\\permissions"
2025-06-12T14:06:17.329571Z  INFO get_files:scan_sources: tailwindcss_oxide::scanner: Discovering "C:\\Users\\PC\\Projects\\hotel-managment\\src\\app\\product-list"
2025-06-12T14:06:17.330147Z  INFO get_files:scan_sources: tailwindcss_oxide::scanner: Discovering "C:\\Users\\PC\\Projects\\hotel-managment\\src\\app\\products-mb"
2025-06-12T14:06:17.330521Z  INFO get_files:scan_sources: tailwindcss_oxide::scanner: Discovering "C:\\Users\\PC\\Projects\\hotel-managment\\src\\app\\room-data"
2025-06-12T14:06:17.330939Z  INFO get_files:scan_sources: tailwindcss_oxide::scanner: Discovering "C:\\Users\\PC\\Projects\\hotel-managment\\src\\app\\room-status"
2025-06-12T14:06:17.331290Z  INFO get_files:scan_sources: tailwindcss_oxide::scanner: Discovering "C:\\Users\\PC\\Projects\\hotel-managment\\src\\app\\service-history"
2025-06-12T14:06:17.331593Z  INFO get_files:scan_sources: tailwindcss_oxide::scanner: Discovering "C:\\Users\\PC\\Projects\\hotel-managment\\src\\app\\toiletries"
2025-06-12T14:06:17.331904Z  INFO get_files:scan_sources: tailwindcss_oxide::scanner: Discovering "C:\\Users\\PC\\Projects\\hotel-managment\\src\\app\\toiletries-list"
2025-06-12T14:06:17.332280Z  INFO get_files:scan_sources: tailwindcss_oxide::scanner: Discovering "C:\\Users\\PC\\Projects\\hotel-managment\\src\\app\\toiletries-spent"
2025-06-12T14:06:17.332651Z  INFO get_files:scan_sources: tailwindcss_oxide::scanner: Discovering "C:\\Users\\PC\\Projects\\hotel-managment\\src\\components"
2025-06-12T14:06:17.332895Z  INFO get_files:scan_sources: tailwindcss_oxide::scanner: Discovering "C:\\Users\\PC\\Projects\\hotel-managment\\src\\components\\auth"
2025-06-12T14:06:17.333128Z  INFO get_files:scan_sources: tailwindcss_oxide::scanner: Discovering "C:\\Users\\PC\\Projects\\hotel-managment\\src\\components\\data"
2025-06-12T14:06:17.334112Z  INFO get_files:scan_sources: tailwindcss_oxide::scanner: Discovering "C:\\Users\\PC\\Projects\\hotel-managment\\src\\components\\layout"
2025-06-12T14:06:17.334330Z  INFO get_files:scan_sources: tailwindcss_oxide::scanner: Discovering "C:\\Users\\PC\\Projects\\hotel-managment\\src\\components\\login"
2025-06-12T14:06:17.334573Z  INFO get_files:scan_sources: tailwindcss_oxide::scanner: Discovering "C:\\Users\\PC\\Projects\\hotel-managment\\src\\components\\providers"
2025-06-12T14:06:17.334816Z  INFO get_files:scan_sources: tailwindcss_oxide::scanner: Discovering "C:\\Users\\PC\\Projects\\hotel-managment\\src\\components\\ui"
2025-06-12T14:06:17.335047Z  INFO get_files:scan_sources: tailwindcss_oxide::scanner: Discovering "C:\\Users\\PC\\Projects\\hotel-managment\\src\\firebase"
2025-06-12T14:06:17.335291Z  INFO get_files:scan_sources: tailwindcss_oxide::scanner: Discovering "C:\\Users\\PC\\Projects\\hotel-managment\\src\\hooks"
2025-06-12T14:06:17.335497Z  INFO get_files:scan_sources: tailwindcss_oxide::scanner: Discovering "C:\\Users\\PC\\Projects\\hotel-managment\\src\\lib"
2025-06-12T14:06:17.335742Z  INFO get_files:scan_sources: tailwindcss_oxide::scanner: Discovering "C:\\Users\\PC\\Projects\\hotel-managment\\src\\types"
2025-06-12T14:06:17.335953Z  INFO get_files:scan_sources: tailwindcss_oxide::scanner: Discovering "C:\\Users\\PC\\Projects\\hotel-managment\\src\\utils"
2025-06-12T14:06:17.336228Z  INFO get_files:scan_sources: tailwindcss_oxide::scanner: exit
2025-06-12T14:06:17.336440Z  INFO get_files: tailwindcss_oxide::scanner: exit
2025-06-12T14:06:17.336799Z  INFO get_globs: tailwindcss_oxide::scanner: enter
2025-06-12T14:06:17.336816Z  INFO get_globs:scan_sources: tailwindcss_oxide::scanner: enter
2025-06-12T14:06:17.339299Z  INFO get_globs:scan_sources: tailwindcss_oxide::scanner: Discovering "C:\\Users\\PC\\Projects\\hotel-managment\\public"
2025-06-12T14:06:17.339745Z  INFO get_globs:scan_sources: tailwindcss_oxide::scanner: Discovering "C:\\Users\\PC\\Projects\\hotel-managment\\src"
2025-06-12T14:06:17.340038Z  INFO get_globs:scan_sources: tailwindcss_oxide::scanner: Discovering "C:\\Users\\PC\\Projects\\hotel-managment\\src\\app"
2025-06-12T14:06:17.340316Z  INFO get_globs:scan_sources: tailwindcss_oxide::scanner: Discovering "C:\\Users\\PC\\Projects\\hotel-managment\\src\\app\\access-denied"
2025-06-12T14:06:17.340653Z  INFO get_globs:scan_sources: tailwindcss_oxide::scanner: Discovering "C:\\Users\\PC\\Projects\\hotel-managment\\src\\app\\add-employee"
2025-06-12T14:06:17.340969Z  INFO get_globs:scan_sources: tailwindcss_oxide::scanner: Discovering "C:\\Users\\PC\\Projects\\hotel-managment\\src\\app\\Administrative"
2025-06-12T14:06:17.341310Z  INFO get_globs:scan_sources: tailwindcss_oxide::scanner: Discovering "C:\\Users\\PC\\Projects\\hotel-managment\\src\\app\\administrative-list"
2025-06-12T14:06:17.341707Z  INFO get_globs:scan_sources: tailwindcss_oxide::scanner: Discovering "C:\\Users\\PC\\Projects\\hotel-managment\\src\\app\\api"
2025-06-12T14:06:17.341992Z  INFO get_globs:scan_sources: tailwindcss_oxide::scanner: Discovering "C:\\Users\\PC\\Projects\\hotel-managment\\src\\app\\api\\auth"
2025-06-12T14:06:17.342292Z  INFO get_globs:scan_sources: tailwindcss_oxide::scanner: Discovering "C:\\Users\\PC\\Projects\\hotel-managment\\src\\app\\api\\auth\\[...nextauth]"
2025-06-12T14:06:17.342744Z  INFO get_globs:scan_sources: tailwindcss_oxide::scanner: Discovering "C:\\Users\\PC\\Projects\\hotel-managment\\src\\app\\bank"
2025-06-12T14:06:17.343133Z  INFO get_globs:scan_sources: tailwindcss_oxide::scanner: Discovering "C:\\Users\\PC\\Projects\\hotel-managment\\src\\app\\dashboard"
2025-06-12T14:06:17.343528Z  INFO get_globs:scan_sources: tailwindcss_oxide::scanner: Discovering "C:\\Users\\PC\\Projects\\hotel-managment\\src\\app\\employee-list"
2025-06-12T14:06:17.344058Z  INFO get_globs:scan_sources: tailwindcss_oxide::scanner: Discovering "C:\\Users\\PC\\Projects\\hotel-managment\\src\\app\\list-loans"
2025-06-12T14:06:17.344450Z  INFO get_globs:scan_sources: tailwindcss_oxide::scanner: Discovering "C:\\Users\\PC\\Projects\\hotel-managment\\src\\app\\loans"
2025-06-12T14:06:17.344829Z  INFO get_globs:scan_sources: tailwindcss_oxide::scanner: Discovering "C:\\Users\\PC\\Projects\\hotel-managment\\src\\app\\login"
2025-06-12T14:06:17.345230Z  INFO get_globs:scan_sources: tailwindcss_oxide::scanner: Discovering "C:\\Users\\PC\\Projects\\hotel-managment\\src\\app\\minibar-list"
2025-06-12T14:06:17.345622Z  INFO get_globs:scan_sources: tailwindcss_oxide::scanner: Discovering "C:\\Users\\PC\\Projects\\hotel-managment\\src\\app\\minibar-purchase"
2025-06-12T14:06:17.346010Z  INFO get_globs:scan_sources: tailwindcss_oxide::scanner: Discovering "C:\\Users\\PC\\Projects\\hotel-managment\\src\\app\\permissions"
2025-06-12T14:06:17.346379Z  INFO get_globs:scan_sources: tailwindcss_oxide::scanner: Discovering "C:\\Users\\PC\\Projects\\hotel-managment\\src\\app\\product-list"
2025-06-12T14:06:17.346745Z  INFO get_globs:scan_sources: tailwindcss_oxide::scanner: Discovering "C:\\Users\\PC\\Projects\\hotel-managment\\src\\app\\products-mb"
2025-06-12T14:06:17.347140Z  INFO get_globs:scan_sources: tailwindcss_oxide::scanner: Discovering "C:\\Users\\PC\\Projects\\hotel-managment\\src\\app\\room-data"
2025-06-12T14:06:17.347504Z  INFO get_globs:scan_sources: tailwindcss_oxide::scanner: Discovering "C:\\Users\\PC\\Projects\\hotel-managment\\src\\app\\room-status"
2025-06-12T14:06:17.347866Z  INFO get_globs:scan_sources: tailwindcss_oxide::scanner: Discovering "C:\\Users\\PC\\Projects\\hotel-managment\\src\\app\\service-history"
2025-06-12T14:06:17.348233Z  INFO get_globs:scan_sources: tailwindcss_oxide::scanner: Discovering "C:\\Users\\PC\\Projects\\hotel-managment\\src\\app\\toiletries"
2025-06-12T14:06:17.348621Z  INFO get_globs:scan_sources: tailwindcss_oxide::scanner: Discovering "C:\\Users\\PC\\Projects\\hotel-managment\\src\\app\\toiletries-list"
2025-06-12T14:06:17.349013Z  INFO get_globs:scan_sources: tailwindcss_oxide::scanner: Discovering "C:\\Users\\PC\\Projects\\hotel-managment\\src\\app\\toiletries-spent"
2025-06-12T14:06:17.349490Z  INFO get_globs:scan_sources: tailwindcss_oxide::scanner: Discovering "C:\\Users\\PC\\Projects\\hotel-managment\\src\\components"
2025-06-12T14:06:17.349810Z  INFO get_globs:scan_sources: tailwindcss_oxide::scanner: Discovering "C:\\Users\\PC\\Projects\\hotel-managment\\src\\components\\auth"
2025-06-12T14:06:17.350232Z  INFO get_globs:scan_sources: tailwindcss_oxide::scanner: Discovering "C:\\Users\\PC\\Projects\\hotel-managment\\src\\components\\data"
2025-06-12T14:06:17.352010Z  INFO get_globs:scan_sources: tailwindcss_oxide::scanner: Discovering "C:\\Users\\PC\\Projects\\hotel-managment\\src\\components\\layout"
2025-06-12T14:06:17.352379Z  INFO get_globs:scan_sources: tailwindcss_oxide::scanner: Discovering "C:\\Users\\PC\\Projects\\hotel-managment\\src\\components\\login"
2025-06-12T14:06:17.352780Z  INFO get_globs:scan_sources: tailwindcss_oxide::scanner: Discovering "C:\\Users\\PC\\Projects\\hotel-managment\\src\\components\\providers"
2025-06-12T14:06:17.353135Z  INFO get_globs:scan_sources: tailwindcss_oxide::scanner: Discovering "C:\\Users\\PC\\Projects\\hotel-managment\\src\\components\\ui"
2025-06-12T14:06:17.353539Z  INFO get_globs:scan_sources: tailwindcss_oxide::scanner: Discovering "C:\\Users\\PC\\Projects\\hotel-managment\\src\\firebase"
2025-06-12T14:06:17.353946Z  INFO get_globs:scan_sources: tailwindcss_oxide::scanner: Discovering "C:\\Users\\PC\\Projects\\hotel-managment\\src\\hooks"
2025-06-12T14:06:17.354277Z  INFO get_globs:scan_sources: tailwindcss_oxide::scanner: Discovering "C:\\Users\\PC\\Projects\\hotel-managment\\src\\lib"
2025-06-12T14:06:17.354704Z  INFO get_globs:scan_sources: tailwindcss_oxide::scanner: Discovering "C:\\Users\\PC\\Projects\\hotel-managment\\src\\types"
2025-06-12T14:06:17.355084Z  INFO get_globs:scan_sources: tailwindcss_oxide::scanner: Discovering "C:\\Users\\PC\\Projects\\hotel-managment\\src\\utils"
2025-06-12T14:06:17.355555Z  INFO get_globs:scan_sources: tailwindcss_oxide::scanner: exit
2025-06-12T14:06:17.365475Z  INFO get_globs: tailwindcss_oxide::scanner: exit
